This is pdfTeX, Version 3.14159265-2.6-1.40.21 (TeX Live 2020) (preloaded format=pdflatex 2020.5.3)  22 JUN 2020 12:04
entering extended mode
 \write18 enabled.
 %&-line parsing enabled.
**seminar_report.tex apr_safe_report.tex
(/usr/local/texlive/2020/texmf-dist/tex/latex/tools/q.tex
LaTeX2e <2020-02-02> patch level 5
L3 programming layer <2020-03-06> File ignored
)

! LaTeX Error: Missing \begin{document}.

See the LaTeX manual or LaTeX Companion for explanation.
Type  H <return>  for immediate help.
 ...                                              
                                                  
<*> seminar_report.tex a
                        pr_safe_report.tex
You're in trouble here.  Try typing  <return>  to proceed.
If that doesn't work, type  X <return>  to quit.

Missing character: There is no a in font nullfont!
Missing character: There is no p in font nullfont!
Missing character: There is no r in font nullfont!
! Missing $ inserted.
<inserted text> 
                $
<*> seminar_report.tex apr_
                           safe_report.tex
I've inserted a begin-math/end-math symbol since I think
you left one out. Proceed, with fingers crossed.

LaTeX Font Info:    External font `cmex10' loaded for size
(Font)              <7> on input line 0.
LaTeX Font Info:    External font `cmex10' loaded for size
(Font)              <5> on input line 0.
! Emergency stop.
<*> seminar_report.tex apr_safe_report.tex
                                          
*** (job aborted, no legal \end found)

 
Here is how much of TeX's memory you used:
 20 strings out of 480608
 551 string characters out of 5903631
 239610 words of memory out of 5000000
 16011 multiletter control sequences out of 15000+600000
 532338 words of font info for 24 fonts, out of 8000000 for 9000
 1141 hyphenation exceptions out of 8191
 17i,1n,15p,118b,56s stack positions out of 5000i,500n,10000p,200000b,80000s
!  ==> Fatal error occurred, no output PDF file produced!
